[0.004s] Invoking command in '/home/aditya/b1_ros2_ws/build/tahiti_b1_description': DEBUGINFOD_URLS=https://debuginfod.ubuntu.com /home/aditya/.local/bin/cmake /home/aditya/b1_ros2_ws/src/tahiti_b1_description -DCMAKE_INSTALL_PREFIX=/home/aditya/b1_ros2_ws/install/tahiti_b1_description
[0.068s] [0mCMake Deprecation Warning at CMakeLists.txt:1 (cmake_minimum_required):
[0.068s]   Compatibility with CMake < 3.10 will be removed from a future version of
[0.068s]   CMake.
[0.068s] 
[0.068s]   Update the VERSION argument <min> value.  Or, use the <min>...<max> syntax
[0.068s]   to tell CMake that the project requires at least <min> but has been updated
[0.068s]   to work with policies introduced by <max> or earlier.
[0.068s] 
[0.068s] [0m
[0.076s] [31mCMake Error at CMakeLists.txt:4 (find_package):
[0.076s]   By not providing "Findament_cmake.cmake" in CMAKE_MODULE_PATH this project
[0.076s]   has asked CMake to find a package configuration file provided by
[0.076s]   "ament_cmake", but CMake did not find one.
[0.076s] 
[0.076s]   Could not find a package configuration file provided by "ament_cmake" with
[0.076s]   any of the following names:
[0.076s] 
[0.076s]     ament_cmakeConfig.cmake
[0.076s]     ament_cmake-config.cmake
[0.076s] 
[0.076s]   Add the installation prefix of "ament_cmake" to CMAKE_PREFIX_PATH or set
[0.076s]   "ament_cmake_DIR" to a directory containing one of the above files.  If
[0.076s]   "ament_cmake" provides a separate development package or SDK, be sure it
[0.076s]   has been installed.
[0.076s] 
[0.076s] [0m
[0.076s] -- Configuring incomplete, errors occurred!
[0.077s] Invoked command in '/home/aditya/b1_ros2_ws/build/tahiti_b1_description' returned '1': DEBUGINFOD_URLS=https://debuginfod.ubuntu.com /home/aditya/.local/bin/cmake /home/aditya/b1_ros2_ws/src/tahiti_b1_description -DCMAKE_INSTALL_PREFIX=/home/aditya/b1_ros2_ws/install/tahiti_b1_description
