[0.003s] Invoking command in '/home/aditya/b1_ros2_ws/build/tahiti_b1_description': DEBUGINFOD_URLS=https://debuginfod.ubuntu.com /home/aditya/.local/bin/cmake /home/aditya/b1_ros2_ws/src/tahiti_b1_description -DCMAKE_INSTALL_PREFIX=/home/aditya/b1_ros2_ws/install/tahiti_b1_description
[0.073s] [0mCMake Deprecation Warning at CMakeLists.txt:1 (cmake_minimum_required):
[0.074s]   Compatibility with CMake < 3.10 will be removed from a future version of
[0.074s]   CMake.
[0.074s] 
[0.074s]   Update the VERSION argument <min> value.  Or, use the <min>...<max> syntax
[0.074s]   to tell CMake that the project requires at least <min> but has been updated
[0.074s]   to work with policies introduced by <max> or earlier.
[0.074s] 
[0.074s] [0m
[0.099s] -- The C compiler identification is GNU 13.3.0
[0.133s] -- The CXX compiler identification is GNU 13.3.0
[0.138s] -- Detecting C compiler ABI info
[0.168s] -- Detecting C compiler ABI info - done
[0.178s] -- Check for working C compiler: /usr/bin/cc - skipped
[0.178s] -- Detecting C compile features
[0.178s] -- Detecting C compile features - done
[0.185s] -- Detecting CXX compiler ABI info
[0.221s] -- Detecting CXX compiler ABI info - done
[0.231s] -- Check for working CXX compiler: /usr/bin/c++ - skipped
[0.231s] -- Detecting CXX compile features
[0.232s] -- Detecting CXX compile features - done
[0.240s] [31mCMake Error at CMakeLists.txt:4 (find_package):
[0.240s]   By not providing "Findament_cmake.cmake" in CMAKE_MODULE_PATH this project
[0.240s]   has asked CMake to find a package configuration file provided by
[0.240s]   "ament_cmake", but CMake did not find one.
[0.240s] 
[0.240s]   Could not find a package configuration file provided by "ament_cmake" with
[0.240s]   any of the following names:
[0.240s] 
[0.240s]     ament_cmakeConfig.cmake
[0.240s]     ament_cmake-config.cmake
[0.241s] 
[0.241s]   Add the installation prefix of "ament_cmake" to CMAKE_PREFIX_PATH or set
[0.241s]   "ament_cmake_DIR" to a directory containing one of the above files.  If
[0.241s]   "ament_cmake" provides a separate development package or SDK, be sure it
[0.241s]   has been installed.
[0.241s] 
[0.241s] [0m
[0.241s] -- Configuring incomplete, errors occurred!
[0.243s] Invoked command in '/home/aditya/b1_ros2_ws/build/tahiti_b1_description' returned '1': DEBUGINFOD_URLS=https://debuginfod.ubuntu.com /home/aditya/.local/bin/cmake /home/aditya/b1_ros2_ws/src/tahiti_b1_description -DCMAKE_INSTALL_PREFIX=/home/aditya/b1_ros2_ws/install/tahiti_b1_description
