[0.004s] Invoking command in '/home/aditya/b1_ros2_ws/build/tahiti_b1_description': CMAKE_PREFIX_PATH=${CMAKE_PREFIX_PATH}:/opt/ros/jazzy DEBUGINFOD_URLS=https://debuginfod.ubuntu.com /home/aditya/.local/bin/cmake /home/aditya/b1_ros2_ws/src/tahiti_b1_description -DCMAKE_INSTALL_PREFIX=/home/aditya/b1_ros2_ws/install/tahiti_b1_description
[0.070s] [0mCMake Deprecation Warning at CMakeLists.txt:1 (cmake_minimum_required):
[0.070s]   Compatibility with CMake < 3.10 will be removed from a future version of
[0.070s]   CMake.
[0.070s] 
[0.070s]   Update the VERSION argument <min> value.  Or, use the <min>...<max> syntax
[0.070s]   to tell CMake that the project requires at least <min> but has been updated
[0.070s]   to work with policies introduced by <max> or earlier.
[0.070s] 
[0.070s] [0m
[0.074s] -- Found ament_cmake: 2.5.5 (/opt/ros/jazzy/share/ament_cmake/cmake)
[0.152s] -- Found Python3: /home/aditya/.local/bin/python3.10 (found version "3.10.20") found components: Interpreter
[0.246s] -- Configuring done (0.2s)
[0.248s] -- Generating done (0.0s)
[0.256s] -- Build files have been written to: /home/aditya/b1_ros2_ws/build/tahiti_b1_description
[0.258s] Invoked command in '/home/aditya/b1_ros2_ws/build/tahiti_b1_description' returned '0': CMAKE_PREFIX_PATH=${CMAKE_PREFIX_PATH}:/opt/ros/jazzy DEBUGINFOD_URLS=https://debuginfod.ubuntu.com /home/aditya/.local/bin/cmake /home/aditya/b1_ros2_ws/src/tahiti_b1_description -DCMAKE_INSTALL_PREFIX=/home/aditya/b1_ros2_ws/install/tahiti_b1_description
[0.259s] Invoking command in '/home/aditya/b1_ros2_ws/build/tahiti_b1_description': CMAKE_PREFIX_PATH=${CMAKE_PREFIX_PATH}:/opt/ros/jazzy DEBUGINFOD_URLS=https://debuginfod.ubuntu.com /home/aditya/.local/bin/cmake --build /home/aditya/b1_ros2_ws/build/tahiti_b1_description -- -j24 -l24
[0.327s] Invoked command in '/home/aditya/b1_ros2_ws/build/tahiti_b1_description' returned '0': CMAKE_PREFIX_PATH=${CMAKE_PREFIX_PATH}:/opt/ros/jazzy DEBUGINFOD_URLS=https://debuginfod.ubuntu.com /home/aditya/.local/bin/cmake --build /home/aditya/b1_ros2_ws/build/tahiti_b1_description -- -j24 -l24
[0.389s] Invoking command in '/home/aditya/b1_ros2_ws/build/tahiti_b1_description': CMAKE_PREFIX_PATH=${CMAKE_PREFIX_PATH}:/opt/ros/jazzy DEBUGINFOD_URLS=https://debuginfod.ubuntu.com /home/aditya/.local/bin/cmake --install /home/aditya/b1_ros2_ws/build/tahiti_b1_description
[0.448s] -- Install configuration: ""
[0.448s] -- Installing: /home/aditya/b1_ros2_ws/install/tahiti_b1_description/share/tahiti_b1_description/urdf
[0.448s] -- Installing: /home/aditya/b1_ros2_ws/install/tahiti_b1_description/share/tahiti_b1_description/urdf/tahiti_b1.urdf
[0.448s] -- Installing: /home/aditya/b1_ros2_ws/install/tahiti_b1_description/share/tahiti_b1_description/meshes
[0.449s] -- Installing: /home/aditya/b1_ros2_ws/install/tahiti_b1_description/share/tahiti_b1_description/meshes/right_shoulder_yaw_link.STL
[0.449s] -- Installing: /home/aditya/b1_ros2_ws/install/tahiti_b1_description/share/tahiti_b1_description/meshes/left_wrist_roll_link.STL
[0.449s] -- Installing: /home/aditya/b1_ros2_ws/install/tahiti_b1_description/share/tahiti_b1_description/meshes/right_wrist_pitch_link.STL
[0.450s] -- Installing: /home/aditya/b1_ros2_ws/install/tahiti_b1_description/share/tahiti_b1_description/meshes/right_ankle_roll_link.STL
[0.450s] -- Installing: /home/aditya/b1_ros2_ws/install/tahiti_b1_description/share/tahiti_b1_description/meshes/left_ankle_roll_link.STL
[0.450s] -- Installing: /home/aditya/b1_ros2_ws/install/tahiti_b1_description/share/tahiti_b1_description/meshes/left_shoulder_pitch_link.STL
[0.450s] -- Installing: /home/aditya/b1_ros2_ws/install/tahiti_b1_description/share/tahiti_b1_description/meshes/torso_link.STL
[0.452s] -- Installing: /home/aditya/b1_ros2_ws/install/tahiti_b1_description/share/tahiti_b1_description/meshes/left_shoulder_yaw_link.STL
[0.452s] -- Installing: /home/aditya/b1_ros2_ws/install/tahiti_b1_description/share/tahiti_b1_description/meshes/imu_in_torso.STL
[0.452s] -- Installing: /home/aditya/b1_ros2_ws/install/tahiti_b1_description/share/tahiti_b1_description/meshes/left_hip_roll_link.STL
[0.452s] -- Installing: /home/aditya/b1_ros2_ws/install/tahiti_b1_description/share/tahiti_b1_description/meshes/left_hip_pitch_link.STL
[0.453s] -- Installing: /home/aditya/b1_ros2_ws/install/tahiti_b1_description/share/tahiti_b1_description/meshes/left_ankle_pitch_link.STL
[0.453s] -- Installing: /home/aditya/b1_ros2_ws/install/tahiti_b1_description/share/tahiti_b1_description/meshes/imu_in_pelvis.STL
[0.453s] -- Installing: /home/aditya/b1_ros2_ws/install/tahiti_b1_description/share/tahiti_b1_description/meshes/right_hip_roll_link.STL
[0.453s] -- Installing: /home/aditya/b1_ros2_ws/install/tahiti_b1_description/share/tahiti_b1_description/meshes/neck_pitch_link.STL
[0.454s] -- Installing: /home/aditya/b1_ros2_ws/install/tahiti_b1_description/share/tahiti_b1_description/meshes/pelvis.STL
[0.455s] -- Installing: /home/aditya/b1_ros2_ws/install/tahiti_b1_description/share/tahiti_b1_description/meshes/waist_yaw_link.STL
[0.455s] -- Installing: /home/aditya/b1_ros2_ws/install/tahiti_b1_description/share/tahiti_b1_description/meshes/left_wrist_yaw_link.STL
[0.455s] -- Installing: /home/aditya/b1_ros2_ws/install/tahiti_b1_description/share/tahiti_b1_description/meshes/left_hip_yaw_link.STL
[0.456s] -- Installing: /home/aditya/b1_ros2_ws/install/tahiti_b1_description/share/tahiti_b1_description/meshes/left_wrist_pitch_link.STL
[0.456s] -- Installing: /home/aditya/b1_ros2_ws/install/tahiti_b1_description/share/tahiti_b1_description/meshes/right_shoulder_pitch_link.STL
[0.457s] -- Installing: /home/aditya/b1_ros2_ws/install/tahiti_b1_description/share/tahiti_b1_description/meshes/right_shoulder_roll_link.STL
[0.457s] -- Installing: /home/aditya/b1_ros2_ws/install/tahiti_b1_description/share/tahiti_b1_description/meshes/right_wrist_yaw_link.STL
[0.457s] -- Installing: /home/aditya/b1_ros2_ws/install/tahiti_b1_description/share/tahiti_b1_description/meshes/waist_pitch_link.STL
[0.458s] -- Installing: /home/aditya/b1_ros2_ws/install/tahiti_b1_description/share/tahiti_b1_description/meshes/right_hip_yaw_link.STL
[0.459s] -- Installing: /home/aditya/b1_ros2_ws/install/tahiti_b1_description/share/tahiti_b1_description/meshes/left_knee_link.STL
[0.461s] -- Installing: /home/aditya/b1_ros2_ws/install/tahiti_b1_description/share/tahiti_b1_description/meshes/right_hip_pitch_link.STL
[0.462s] -- Installing: /home/aditya/b1_ros2_ws/install/tahiti_b1_description/share/tahiti_b1_description/meshes/left_shoulder_roll_link.STL
[0.462s] -- Installing: /home/aditya/b1_ros2_ws/install/tahiti_b1_description/share/tahiti_b1_description/meshes/right_ankle_pitch_link.STL
[0.462s] -- Installing: /home/aditya/b1_ros2_ws/install/tahiti_b1_description/share/tahiti_b1_description/meshes/left_elbow_link.STL
[0.463s] -- Installing: /home/aditya/b1_ros2_ws/install/tahiti_b1_description/share/tahiti_b1_description/meshes/right_elbow_link.STL
[0.463s] -- Installing: /home/aditya/b1_ros2_ws/install/tahiti_b1_description/share/tahiti_b1_description/meshes/neck_yaw_link.STL
[0.463s] -- Installing: /home/aditya/b1_ros2_ws/install/tahiti_b1_description/share/tahiti_b1_description/meshes/right_wrist_roll_link.STL
[0.463s] -- Installing: /home/aditya/b1_ros2_ws/install/tahiti_b1_description/share/tahiti_b1_description/meshes/right_knee_link.STL
[0.466s] -- Installing: /home/aditya/b1_ros2_ws/install/tahiti_b1_description/share/tahiti_b1_description/launch
[0.466s] -- Installing: /home/aditya/b1_ros2_ws/install/tahiti_b1_description/share/tahiti_b1_description/launch/display.launch.py
[0.466s] -- Installing: /home/aditya/b1_ros2_ws/install/tahiti_b1_description/share/tahiti_b1_description/rviz
[0.466s] -- Installing: /home/aditya/b1_ros2_ws/install/tahiti_b1_description/share/tahiti_b1_description/rviz/display.rviz
[0.466s] -- Installing: /home/aditya/b1_ros2_ws/install/tahiti_b1_description/share/ament_index/resource_index/package_run_dependencies/tahiti_b1_description
[0.466s] -- Installing: /home/aditya/b1_ros2_ws/install/tahiti_b1_description/share/ament_index/resource_index/parent_prefix_path/tahiti_b1_description
[0.466s] -- Installing: /home/aditya/b1_ros2_ws/install/tahiti_b1_description/share/tahiti_b1_description/environment/ament_prefix_path.sh
[0.466s] -- Installing: /home/aditya/b1_ros2_ws/install/tahiti_b1_description/share/tahiti_b1_description/environment/ament_prefix_path.dsv
[0.466s] -- Installing: /home/aditya/b1_ros2_ws/install/tahiti_b1_description/share/tahiti_b1_description/environment/path.sh
[0.466s] -- Installing: /home/aditya/b1_ros2_ws/install/tahiti_b1_description/share/tahiti_b1_description/environment/path.dsv
[0.466s] -- Installing: /home/aditya/b1_ros2_ws/install/tahiti_b1_description/share/tahiti_b1_description/local_setup.bash
[0.466s] -- Installing: /home/aditya/b1_ros2_ws/install/tahiti_b1_description/share/tahiti_b1_description/local_setup.sh
[0.466s] -- Installing: /home/aditya/b1_ros2_ws/install/tahiti_b1_description/share/tahiti_b1_description/local_setup.zsh
[0.466s] -- Installing: /home/aditya/b1_ros2_ws/install/tahiti_b1_description/share/tahiti_b1_description/local_setup.dsv
[0.466s] -- Installing: /home/aditya/b1_ros2_ws/install/tahiti_b1_description/share/tahiti_b1_description/package.dsv
[0.467s] -- Installing: /home/aditya/b1_ros2_ws/install/tahiti_b1_description/share/ament_index/resource_index/packages/tahiti_b1_description
[0.467s] -- Installing: /home/aditya/b1_ros2_ws/install/tahiti_b1_description/share/tahiti_b1_description/cmake/tahiti_b1_descriptionConfig.cmake
[0.467s] -- Installing: /home/aditya/b1_ros2_ws/install/tahiti_b1_description/share/tahiti_b1_description/cmake/tahiti_b1_descriptionConfig-version.cmake
[0.467s] -- Installing: /home/aditya/b1_ros2_ws/install/tahiti_b1_description/share/tahiti_b1_description/package.xml
[0.467s] Invoked command in '/home/aditya/b1_ros2_ws/build/tahiti_b1_description' returned '0': CMAKE_PREFIX_PATH=${CMAKE_PREFIX_PATH}:/opt/ros/jazzy DEBUGINFOD_URLS=https://debuginfod.ubuntu.com /home/aditya/.local/bin/cmake --install /home/aditya/b1_ros2_ws/build/tahiti_b1_description
